Using pre-set license
Built from '2021.3/staging' branch; Version is '2021.3.11f1 (0a5ca18544bf) revision 679073'; Using compiler version '192829333'; Build Type 'Release'
OS: 'Windows 10  (10.0.19044) 64bit CoreSingleLanguage' Language: 'uk' Physical Memory: 8044 MB
BatchMode: 1, IsHumanControllingUs: 0, StartBugReporterOnCrash: 0, Is64bit: 1, IsPro: 1

COMMAND LINE ARGUMENTS:
C:\Program Files\Unity\Hub\Editor\2021.3.11f1\Editor\Unity.exe
-adb2
-batchMode
-noUpm
-name
AssetImportWorker0
-projectPath
E:/GameDevLabs/GameProgLab2Group93
-logFile
Logs/AssetImportWorker0.log
-srvPort
64621
Successfully changed project path to: E:/GameDevLabs/GameProgLab2Group93
E:/GameDevLabs/GameProgLab2Group93
[UnityMemory] Configuration Parameters - Can be set up in boot.config
    "memorysetup-bucket-allocator-granularity=16"
    "memorysetup-bucket-allocator-bucket-count=8"
    "memorysetup-bucket-allocator-block-size=33554432"
    "memorysetup-bucket-allocator-block-count=8"
    "memorysetup-main-allocator-block-size=16777216"
    "memorysetup-thread-allocator-block-size=16777216"
    "memorysetup-gfx-main-allocator-block-size=16777216"
    "memorysetup-gfx-thread-allocator-block-size=16777216"
    "memorysetup-cache-allocator-block-size=4194304"
    "memorysetup-typetree-allocator-block-size=2097152"
    "memorysetup-profiler-bucket-allocator-granularity=16"
    "memorysetup-profiler-bucket-allocator-bucket-count=8"
    "memorysetup-profiler-bucket-allocator-block-size=33554432"
    "memorysetup-profiler-bucket-allocator-block-count=8"
    "memorysetup-profiler-allocator-block-size=16777216"
    "memorysetup-profiler-editor-allocator-block-size=1048576"
    "memorysetup-temp-allocator-size-main=16777216"
    "memorysetup-job-temp-allocator-block-size=2097152"
    "memorysetup-job-temp-allocator-block-size-background=1048576"
    "memorysetup-job-temp-allocator-reduction-small-platforms=262144"
    "memorysetup-temp-allocator-size-background-worker=32768"
    "memorysetup-temp-allocator-size-job-worker=262144"
    "memorysetup-temp-allocator-size-preload-manager=33554432"
    "memorysetup-temp-allocator-size-nav-mesh-worker=65536"
    "memorysetup-temp-allocator-size-audio-worker=65536"
    "memorysetup-temp-allocator-size-cloud-worker=32768"
    "memorysetup-temp-allocator-size-gi-baking-worker=262144"
    "memorysetup-temp-allocator-size-gfx=262144"
Refreshing native plugins compatible for Editor in 83.75 ms, found 3 plugins.
Preloading 0 native plugins for Editor in 0.00 ms.
Initialize engine version: 2021.3.11f1 (0a5ca18544bf)
[Subsystems] Discovering subsystems at path C:/Program Files/Unity/Hub/Editor/2021.3.11f1/Editor/Data/Resources/UnitySubsystems
[Subsystems] Discovering subsystems at path E:/GameDevLabs/GameProgLab2Group93/Assets
GfxDevice: creating device client; threaded=0; jobified=0
Direct3D:
    Version:  Direct3D 11.0 [level 11.1]
    Renderer: NVIDIA GeForce GTX 1050 (ID=0x1c8d)
    Vendor:   NVIDIA
    VRAM:     4021 MB
    Driver:   27.21.14.6231
Initialize mono
Mono path[0] = 'C:/Program Files/Unity/Hub/Editor/2021.3.11f1/Editor/Data/Managed'
Mono path[1] = 'C:/Program Files/Unity/Hub/Editor/2021.3.11f1/Editor/Data/MonoBleedingEdge/lib/mono/unityjit-win32'
Mono config path = 'C:/Program Files/Unity/Hub/Editor/2021.3.11f1/Editor/Data/MonoBleedingEdge/etc'
Using monoOptions --debugger-agent=transport=dt_socket,embedding=1,server=y,suspend=n,address=127.0.0.1:56300
Begin MonoManager ReloadAssembly
Registering precompiled unity dll's ...
Register platform support module: C:/Program Files/Unity/Hub/Editor/2021.3.11f1/Editor/Data/PlaybackEngines/WindowsStandaloneSupport/UnityEditor.WindowsStandalone.Extensions.dll
Registered in 0.009059 seconds.
Native extension for WindowsStandalone target not found
Refreshing native plugins compatible for Editor in 82.45 ms, found 3 plugins.
Preloading 0 native plugins for Editor in 0.00 ms.
Mono: successfully reloaded assembly
- Completed reload, in  0.684 seconds
Domain Reload Profiling:
	ReloadAssembly (685ms)
		BeginReloadAssembly (81ms)
			ExecutionOrderSort (0ms)
			DisableScriptedObjects (0ms)
			BackupInstance (0ms)
			ReleaseScriptingObjects (0ms)
			CreateAndSetChildDomain (1ms)
		EndReloadAssembly (484ms)
			LoadAssemblies (78ms)
			RebuildTransferFunctionScriptingTraits (0ms)
			SetupTypeCache (106ms)
			ReleaseScriptCaches (0ms)
			RebuildScriptCaches (33ms)
			SetupLoadedEditorAssemblies (291ms)
				LogAssemblyErrors (0ms)
				InitializePlatformSupportModulesInManaged (9ms)
				SetLoadedEditorAssemblies (0ms)
				RefreshPlugins (83ms)
				BeforeProcessingInitializeOnLoad (2ms)
				ProcessInitializeOnLoadAttributes (147ms)
				ProcessInitializeOnLoadMethodAttributes (50ms)
				AfterProcessingInitializeOnLoad (0ms)
				EditorAssembliesLoaded (0ms)
			ExecutionOrderSort2 (0ms)
			AwakeInstancesAfterBackupRestoration (0ms)
Platform modules already initialized, skipping
Registering precompiled user dll's ...
Registered in 0.004626 seconds.
Begin MonoManager ReloadAssembly
Symbol file LoadedFromMemory doesn't match image E:\GameDevLabs\GameProgLab2Group93\Library\PackageCache\com.unity.visualscripting@1.7.8\Editor\VisualScripting.Core\Dependencies\YamlDotNet\Unity.VisualScripting.YamlDotNet.dll
Symbol file LoadedFromMemory doesn't match image E:\GameDevLabs\GameProgLab2Group93\Library\PackageCache\com.unity.visualscripting@1.7.8\Editor\VisualScripting.Core\Dependencies\DotNetZip\Unity.VisualScripting.IonicZip.dll
Native extension for WindowsStandalone target not found
Refreshing native plugins compatible for Editor in 0.58 ms, found 3 plugins.
Preloading 0 native plugins for Editor in 0.00 ms.
Mono: successfully reloaded assembly
- Completed reload, in  1.074 seconds
Domain Reload Profiling:
	ReloadAssembly (1075ms)
		BeginReloadAssembly (120ms)
			ExecutionOrderSort (0ms)
			DisableScriptedObjects (7ms)
			BackupInstance (0ms)
			ReleaseScriptingObjects (0ms)
			CreateAndSetChildDomain (20ms)
		EndReloadAssembly (838ms)
			LoadAssemblies (85ms)
			RebuildTransferFunctionScriptingTraits (0ms)
			SetupTypeCache (266ms)
			ReleaseScriptCaches (1ms)
			RebuildScriptCaches (52ms)
			SetupLoadedEditorAssemblies (395ms)
				LogAssemblyErrors (0ms)
				InitializePlatformSupportModulesInManaged (6ms)
				SetLoadedEditorAssemblies (0ms)
				RefreshPlugins (1ms)
				BeforeProcessingInitializeOnLoad (96ms)
				ProcessInitializeOnLoadAttributes (253ms)
				ProcessInitializeOnLoadMethodAttributes (29ms)
				AfterProcessingInitializeOnLoad (10ms)
				EditorAssembliesLoaded (0ms)
			ExecutionOrderSort2 (0ms)
			AwakeInstancesAfterBackupRestoration (7ms)
Platform modules already initialized, skipping
========================================================================
Worker process is ready to serve import requests
Launched and connected shader compiler UnityShaderCompiler.exe after 0.05 seconds
Refreshing native plugins compatible for Editor in 0.87 ms, found 3 plugins.
Preloading 0 native plugins for Editor in 0.00 ms.
Unloading 3383 Unused Serialized files (Serialized files now loaded: 0)
Unloading 27 unused Assets / (113.4 KB). Loaded Objects now: 3840.
Memory consumption went from 116.3 MB to 116.2 MB.
Total: 3.398000 ms (FindLiveObjects: 0.308700 ms CreateObjectMapping: 0.257300 ms MarkObjects: 2.717500 ms  DeleteObjects: 0.113200 ms)

AssetImportParameters requested are different than current active one (requested -> active):
  custom:video-decoder-ogg-theora: a1e56fd34408186e4bbccfd4996cb3dc -> 
  custom:container-muxer-webm: aa71ff27fc2769a1b78a27578f13a17b -> 
  custom:container-demuxer-webm: 4f35f7cbe854078d1ac9338744f61a02 -> 
  custom:video-encoder-webm-vp8: eb34c28f22e8b96e1ab97ce403110664 -> 
  custom:audio-encoder-webm-vorbis: bf7c407c2cedff20999df2af8eb42d56 -> 
  custom:framework-win-MediaFoundation: 216162199b28c13a410421893ffa2e32 -> 
  custom:container-demuxer-ogg: 62fdf1f143b41e24485cea50d1cbac27 -> 
  custom:video-decoder-webm-vp8: 9c59270c3fd7afecdb556c50c9e8de78 -> 
  custom:audio-decoder-ogg-vorbis: bf7c407c2cedff20999df2af8eb42d56 -> 
========================================================================
Received Import Request.
  Time since last request: 184613.880268 seconds.
  path: Assets/PBR_Fences/Prefabs/metalzaun_01b_3er.prefab
  artifactKey: Guid(0e14da8e2a8b85141ba51c8d1a36d136) Importer(815301076,1909f56bfc062723c751e8b465ee728b)
Start importing Assets/PBR_Fences/Prefabs/metalzaun_01b_3er.prefab using Guid(0e14da8e2a8b85141ba51c8d1a36d136) Importer(815301076,1909f56bfc062723c751e8b465ee728b)  -> (artifact id: 'cb8e58706a9bfa3907095f65eb64b21a') in 1.203825 seconds 
========================================================================
Received Import Request.
  Time since last request: 0.000031 seconds.
  path: Assets/PBR_Fences/Materials/zaun_01b.mat
  artifactKey: Guid(be5ee2919d5abdb439e441fd5d1a2041) Importer(815301076,1909f56bfc062723c751e8b465ee728b)
Start importing Assets/PBR_Fences/Materials/zaun_01b.mat using Guid(be5ee2919d5abdb439e441fd5d1a2041) Importer(815301076,1909f56bfc062723c751e8b465ee728b)  -> (artifact id: '62a1e37a42aae7d5c9b639e49516de0e') in 0.399271 seconds 
========================================================================
Received Import Request.
  Time since last request: 0.000028 seconds.
  path: Assets/PBR_Fences/Prefabs/metalzaun_01b_1er.prefab
  artifactKey: Guid(c4fad91054cd1bd4ab3afe76acb6aee8) Importer(815301076,1909f56bfc062723c751e8b465ee728b)
Start importing Assets/PBR_Fences/Prefabs/metalzaun_01b_1er.prefab using Guid(c4fad91054cd1bd4ab3afe76acb6aee8) Importer(815301076,1909f56bfc062723c751e8b465ee728b)  -> (artifact id: 'c9868894a566c91336d5818db735cda1') in 0.053710 seconds 
========================================================================
Received Import Request.
  Time since last request: 0.000072 seconds.
  path: Assets/PBR_Fences/Prefabs/metalzaun_01b_end.prefab
  artifactKey: Guid(050cc4094c8a102448e7f919aa26b1de) Importer(815301076,1909f56bfc062723c751e8b465ee728b)
Start importing Assets/PBR_Fences/Prefabs/metalzaun_01b_end.prefab using Guid(050cc4094c8a102448e7f919aa26b1de) Importer(815301076,1909f56bfc062723c751e8b465ee728b)  -> (artifact id: 'b8b601368597fb7621ea10fd6b1b4748') in 0.030794 seconds 
========================================================================
Received Import Request.
  Time since last request: 0.000023 seconds.
  path: Assets/PBR_Fences/Prefabs/metalzaun_01b_2er.prefab
  artifactKey: Guid(d1f2e1500d45063468a9b360aea769e0) Importer(815301076,1909f56bfc062723c751e8b465ee728b)
Start importing Assets/PBR_Fences/Prefabs/metalzaun_01b_2er.prefab using Guid(d1f2e1500d45063468a9b360aea769e0) Importer(815301076,1909f56bfc062723c751e8b465ee728b)  -> (artifact id: '2c30937343c9ddd438ac406a25bda9a5') in 0.042084 seconds 
========================================================================
Received Import Request.
  Time since last request: 0.000028 seconds.
  path: Assets/PBR_Fences/Prefabs/metalzaun_01c_end.prefab
  artifactKey: Guid(cf8ee8046afb8424d8f9eb9872ad9b98) Importer(815301076,1909f56bfc062723c751e8b465ee728b)
Start importing Assets/PBR_Fences/Prefabs/metalzaun_01c_end.prefab using Guid(cf8ee8046afb8424d8f9eb9872ad9b98) Importer(815301076,1909f56bfc062723c751e8b465ee728b)  -> (artifact id: 'd77d88bf42f57a4ef3e1b3cf8f55cebe') in 0.036934 seconds 
========================================================================
Received Import Request.
  Time since last request: 0.000024 seconds.
  path: Assets/PBR_Fences/Prefabs/metalzaun_01a_end.prefab
  artifactKey: Guid(2d755c286cbae534fb29ae286d066cc8) Importer(815301076,1909f56bfc062723c751e8b465ee728b)
Start importing Assets/PBR_Fences/Prefabs/metalzaun_01a_end.prefab using Guid(2d755c286cbae534fb29ae286d066cc8) Importer(815301076,1909f56bfc062723c751e8b465ee728b)  -> (artifact id: '190cb675755e5d06c9ef220800a67784') in 0.234253 seconds 
========================================================================
Received Import Request.
  Time since last request: 0.000027 seconds.
  path: Assets/PBR_Fences/Prefabs/metalzaun_01a_3er.prefab
  artifactKey: Guid(a1c299376ff29a04984dabe12af912e7) Importer(815301076,1909f56bfc062723c751e8b465ee728b)
Start importing Assets/PBR_Fences/Prefabs/metalzaun_01a_3er.prefab using Guid(a1c299376ff29a04984dabe12af912e7) Importer(815301076,1909f56bfc062723c751e8b465ee728b)  -> (artifact id: '2c358c635c30cd26829f81111adffd11') in 0.043345 seconds 
========================================================================
Received Import Request.
  Time since last request: 0.000047 seconds.
  path: Assets/PBR_Fences/Prefabs/metalzaun_01a_5er.prefab
  artifactKey: Guid(1f394cbff793b644ca92881453bf84aa) Importer(815301076,1909f56bfc062723c751e8b465ee728b)
Start importing Assets/PBR_Fences/Prefabs/metalzaun_01a_5er.prefab using Guid(1f394cbff793b644ca92881453bf84aa) Importer(815301076,1909f56bfc062723c751e8b465ee728b)  -> (artifact id: 'f422e4fd0259dd615b787dc85e05780a') in 0.041425 seconds 
========================================================================
Received Import Request.
  Time since last request: 0.000039 seconds.
  path: Assets/PBR_Fences/Prefabs/holzzaun.prefab
  artifactKey: Guid(a1d1484ac6bc41141a960e36fde0a083) Importer(815301076,1909f56bfc062723c751e8b465ee728b)
Start importing Assets/PBR_Fences/Prefabs/holzzaun.prefab using Guid(a1d1484ac6bc41141a960e36fde0a083) Importer(815301076,1909f56bfc062723c751e8b465ee728b)  -> (artifact id: 'beca97e600e780ce654dd449249ed8c4') in 0.821846 seconds 
========================================================================
Received Import Request.
  Time since last request: 0.586246 seconds.
  path: Assets/PBR_Fences/example_scene/Ground.mat
  artifactKey: Guid(648c7a4e20cd23947ac00e5a46ae54e5) Importer(815301076,1909f56bfc062723c751e8b465ee728b)
Start importing Assets/PBR_Fences/example_scene/Ground.mat using Guid(648c7a4e20cd23947ac00e5a46ae54e5) Importer(815301076,1909f56bfc062723c751e8b465ee728b)  -> (artifact id: '92cf3095e28e807a9be2e300ef4351a2') in 0.032188 seconds 
========================================================================
Received Import Request.
  Time since last request: 0.000040 seconds.
  path: Assets/PBR_Fences/example_scene/ReflectionProbe-0.exr
  artifactKey: Guid(bf62f54341f276d4ea7bb783a2d72723) Importer(815301076,1909f56bfc062723c751e8b465ee728b)
Start importing Assets/PBR_Fences/example_scene/ReflectionProbe-0.exr using Guid(bf62f54341f276d4ea7bb783a2d72723) Importer(815301076,1909f56bfc062723c751e8b465ee728b)  -> (artifact id: '6c0595b191241e1027712409b95f5404') in 0.073863 seconds 
========================================================================
Received Import Request.
  Time since last request: 4.699006 seconds.
  path: Assets/PBR_Fences/3dobjects/holzzaun.fbx
  artifactKey: Guid(d2b3b347138a97d4fb2d76b3e196a1da) Importer(815301076,1909f56bfc062723c751e8b465ee728b)
Start importing Assets/PBR_Fences/3dobjects/holzzaun.fbx using Guid(d2b3b347138a97d4fb2d76b3e196a1da) Importer(815301076,1909f56bfc062723c751e8b465ee728b)  -> (artifact id: '7d9e654e872b32745dadd88905a8f600') in 0.794739 seconds 
========================================================================
Received Import Request.
  Time since last request: 2.622644 seconds.
  path: Assets/PBR_Fences/3dobjects/Materials
  artifactKey: Guid(cc81b2289d656d2478bda133e1f14c86) Importer(815301076,1909f56bfc062723c751e8b465ee728b)
Start importing Assets/PBR_Fences/3dobjects/Materials using Guid(cc81b2289d656d2478bda133e1f14c86) Importer(815301076,1909f56bfc062723c751e8b465ee728b)  -> (artifact id: 'e353c287cc225191a82b0f7e05546ec3') in 0.008930 seconds 
========================================================================
Received Import Request.
  Time since last request: 0.143961 seconds.
  path: Assets/PBR_Fences/3dobjects/Materials/holzzaun.mat
  artifactKey: Guid(5062f21ac57d9e1428463c3bcc5f483e) Importer(815301076,1909f56bfc062723c751e8b465ee728b)
Start importing Assets/PBR_Fences/3dobjects/Materials/holzzaun.mat using Guid(5062f21ac57d9e1428463c3bcc5f483e) Importer(815301076,1909f56bfc062723c751e8b465ee728b)  -> (artifact id: '42a41f2b47515bffd63b004af3e661a3') in 0.056062 seconds 
========================================================================
Received Import Request.
  Time since last request: 0.000030 seconds.
  path: Assets/PBR_Fences/3dobjects/Materials/metalzaun_01_module-fence_main_b.mat
  artifactKey: Guid(7640035cb794a124c970070e5ba20a81) Importer(815301076,1909f56bfc062723c751e8b465ee728b)
Start importing Assets/PBR_Fences/3dobjects/Materials/metalzaun_01_module-fence_main_b.mat using Guid(7640035cb794a124c970070e5ba20a81) Importer(815301076,1909f56bfc062723c751e8b465ee728b)  -> (artifact id: '4687f6b74fc9d33d8228f1e53725fe00') in 0.025951 seconds 
========================================================================
Received Import Request.
  Time since last request: 0.000045 seconds.
  path: Assets/PBR_Fences/3dobjects/Materials/metalzaun_01_module-fence_main.mat
  artifactKey: Guid(865f3526589c3ae4b9ce4a69c359cc9f) Importer(815301076,1909f56bfc062723c751e8b465ee728b)
Start importing Assets/PBR_Fences/3dobjects/Materials/metalzaun_01_module-fence_main.mat using Guid(865f3526589c3ae4b9ce4a69c359cc9f) Importer(815301076,1909f56bfc062723c751e8b465ee728b)  -> (artifact id: 'fc3ffe977283cfd1c45fe30f959a53e6') in 0.019644 seconds 
